<?xml version="1.0" encoding="UTF-8"?>
<robot generator="Robot 7.2 (Python 3.13.2 on win32)" generated="2025-03-20T18:30:13.783246" rpa="false" schemaversion="5">
<suite id="s1" name="Estudo-Robot" source="C:\Users\PESSOAL\Documents\Programação\workspace VSC\estudo-robot">
<suite id="s1-s1" name="TUTORIAL-05" source="C:\Users\PESSOAL\Documents\Programação\workspace VSC\estudo-robot\TUTORIAL-05">
<suite id="s1-s1-s1" name="Bdd" source="C:\Users\PESSOAL\Documents\Programação\workspace VSC\estudo-robot\TUTORIAL-05\bdd.robot">
<test id="s1-s1-s1-t1" name="Cenário 1: Executar vídeo no site do Youtube" line="43">
<kw name="Dado que eu acesso o site do youtube">
<kw name="Open Browser" owner="SeleniumLibrary">
<msg time="2025-03-20T18:30:14.137279" level="INFO">Opening browser 'Chrome' to base url 'https://www.youtube.com/'.</msg>
<msg time="2025-03-20T18:30:15.057458" level="WARN">The chromedriver version (133.0.6943.53) detected in PATH at C:\Users\PESSOAL\AppData\Local\Programs\Python\Python313\Scripts\chromedriver.exe might not be compatible with the detected chrome version (134.0.6998.117); currently, chromedriver 134.0.6998.90 is recommended for chrome 134.*, so it is advised to delete the driver in PATH and retry</msg>
<arg>${URL}</arg>
<arg>${Browser}</arg>
<doc>Opens a new browser instance to the optional ``url``.</doc>
<status status="PASS" start="2025-03-20T18:30:14.136806" elapsed="5.076931"/>
</kw>
<kw name="Click Element" owner="SeleniumLibrary">
<msg time="2025-03-20T18:30:19.215126" level="INFO">Clicking element '//button[@aria-label="Recusar o uso de cookies e outros dados para os fins descritos"]'.</msg>
<arg>${button_reject_cookies}</arg>
<doc>Click the element identified by ``locator``.</doc>
<status status="PASS" start="2025-03-20T18:30:19.214196" elapsed="0.620656"/>
</kw>
<kw name="Sleep" owner="BuiltIn">
<msg time="2025-03-20T18:30:24.835961" level="INFO">Slept 5 seconds.</msg>
<arg>5s</arg>
<doc>Pauses the test executed for the given time.</doc>
<status status="PASS" start="2025-03-20T18:30:19.835183" elapsed="5.001043"/>
</kw>
<status status="PASS" start="2025-03-20T18:30:14.135632" elapsed="10.700756"/>
</kw>
<kw name="Quando digito o nome da música">
<kw name="Wait Until Element Is Visible" owner="SeleniumLibrary">
<arg>${Input_pesquisa}</arg>
<arg>20</arg>
<doc>Waits until the element ``locator`` is visible.</doc>
<status status="PASS" start="2025-03-20T18:30:24.837348" elapsed="0.088897"/>
</kw>
<kw name="Input Text" owner="SeleniumLibrary">
<msg time="2025-03-20T18:30:24.927063" level="INFO">Typing text 'Iron Man' into text field '//input[@name="search_query"]'.</msg>
<arg>${Input_pesquisa}</arg>
<arg>${NomeDaMusica}</arg>
<doc>Types the given ``text`` into the text field identified by ``locator``.</doc>
<status status="PASS" start="2025-03-20T18:30:24.926525" elapsed="0.150393"/>
</kw>
<status status="PASS" start="2025-03-20T18:30:24.836774" elapsed="0.240455"/>
</kw>
<kw name="E clico no botão buscar">
<kw name="Click Element" owner="SeleniumLibrary">
<msg time="2025-03-20T18:30:25.079191" level="INFO">Clicking element '//button[@aria-label="Search"]'.</msg>
<arg>${Button_pesquisar}</arg>
<doc>Click the element identified by ``locator``.</doc>
<status status="PASS" start="2025-03-20T18:30:25.078535" elapsed="0.138718"/>
</kw>
<status status="PASS" start="2025-03-20T18:30:25.077819" elapsed="0.139708"/>
</kw>
<kw name="E clico na primeira opção da lista">
<kw name="Wait Until Element Is Visible" owner="SeleniumLibrary">
<arg>${Primeira_opcao}</arg>
<arg>10</arg>
<doc>Waits until the element ``locator`` is visible.</doc>
<status status="PASS" start="2025-03-20T18:30:25.218618" elapsed="1.300164"/>
</kw>
<kw name="Click Element" owner="SeleniumLibrary">
<msg time="2025-03-20T18:30:26.519696" level="INFO">Clicking element '(//yt-formatted-string[@class="style-scope ytd-video-renderer"])[1]'.</msg>
<arg>${Primeira_opcao}</arg>
<doc>Click the element identified by ``locator``.</doc>
<status status="PASS" start="2025-03-20T18:30:26.519148" elapsed="0.783297"/>
</kw>
<status status="PASS" start="2025-03-20T18:30:25.217946" elapsed="2.084760"/>
</kw>
<kw name="Então o vídeo é executado">
<kw name="Wait Until Element Is Visible" owner="SeleniumLibrary">
<arg>${Prova}</arg>
<arg>10</arg>
<doc>Waits until the element ``locator`` is visible.</doc>
<status status="PASS" start="2025-03-20T18:30:27.303777" elapsed="1.428086"/>
</kw>
<kw name="Element Should Be Visible" owner="SeleniumLibrary">
<msg time="2025-03-20T18:30:28.863806" level="INFO">Element '(//div[contains(text(),"Compartilhar")])[3]' is displayed.</msg>
<arg>${Prova}</arg>
<doc>Verifies that the element identified by ``locator`` is visible.</doc>
<status status="PASS" start="2025-03-20T18:30:28.732386" elapsed="0.131727"/>
</kw>
<kw name="Sleep" owner="BuiltIn">
<msg time="2025-03-20T18:30:38.865322" level="INFO">Slept 10 seconds.</msg>
<arg>10s</arg>
<doc>Pauses the test executed for the given time.</doc>
<status status="PASS" start="2025-03-20T18:30:28.864384" elapsed="10.001593"/>
</kw>
<kw name="Close Browser" owner="SeleniumLibrary">
<doc>Closes the current browser.</doc>
<status status="PASS" start="2025-03-20T18:30:38.866408" elapsed="2.335125"/>
</kw>
<status status="PASS" start="2025-03-20T18:30:27.303099" elapsed="13.898616"/>
</kw>
<status status="PASS" start="2025-03-20T18:30:14.134602" elapsed="27.067394"/>
</test>
<status status="PASS" start="2025-03-20T18:30:13.816016" elapsed="27.387001"/>
</suite>
<status status="PASS" start="2025-03-20T18:30:13.813689" elapsed="27.390774"/>
</suite>
<status status="PASS" start="2025-03-20T18:30:13.788464" elapsed="27.417207"/>
</suite>
<statistics>
<total>
<stat pass="1" fail="0" skip="0">All Tests</stat>
</total>
<tag>
</tag>
<suite>
<stat name="Estudo-Robot" id="s1" pass="1" fail="0" skip="0">Estudo-Robot</stat>
<stat name="TUTORIAL-05" id="s1-s1" pass="1" fail="0" skip="0">Estudo-Robot.TUTORIAL-05</stat>
<stat name="Bdd" id="s1-s1-s1" pass="1" fail="0" skip="0">Estudo-Robot.TUTORIAL-05.Bdd</stat>
</suite>
</statistics>
<errors>
<msg time="2025-03-20T18:30:15.057458" level="WARN">The chromedriver version (133.0.6943.53) detected in PATH at C:\Users\PESSOAL\AppData\Local\Programs\Python\Python313\Scripts\chromedriver.exe might not be compatible with the detected chrome version (134.0.6998.117); currently, chromedriver 134.0.6998.90 is recommended for chrome 134.*, so it is advised to delete the driver in PATH and retry</msg>
</errors>
</robot>
